[2022-10-04 00:44:15,414] {manager.py:517} INFO - Processing files using up to 2 processes at a time 
[2022-10-04 00:44:15,415] {manager.py:518} INFO - Process each file at most once every 30 seconds
[2022-10-04 00:44:15,416] {manager.py:520} INFO - Checking for new files in /opt/airflow/dags every 300 seconds
[2022-10-04 00:44:15,417] {manager.py:704} INFO - Searching for files in /opt/airflow/dags
[2022-10-04 00:44:15,468] {manager.py:707} INFO - There are 1 files in /opt/airflow/dags
[2022-10-04 00:44:53,972] {manager.py:517} INFO - Processing files using up to 2 processes at a time 
[2022-10-04 00:44:53,973] {manager.py:518} INFO - Process each file at most once every 30 seconds
[2022-10-04 00:44:53,974] {manager.py:520} INFO - Checking for new files in /opt/airflow/dags every 300 seconds
[2022-10-04 00:44:53,975] {manager.py:704} INFO - Searching for files in /opt/airflow/dags
[2022-10-04 00:44:54,022] {manager.py:707} INFO - There are 1 files in /opt/airflow/dags
[2022-10-04 00:44:54,104] {manager.py:1106} INFO - Finding 'running' jobs without a recent heartbeat
[2022-10-04 00:44:54,106] {manager.py:1110} INFO - Failing jobs without heartbeat after 2022-10-04 00:39:54.106080+00:00
[2022-10-04 00:44:54,159] {manager.py:825} INFO - 
================================================================================
DAG File Processing Stats

File Path                      PID  Runtime      # DAGs    # Errors  Last Runtime    Last Run
---------------------------  -----  ---------  --------  ----------  --------------  ----------
/opt/airflow/dags/my_dag.py    153  0.07s             0           0
================================================================================
[2022-10-04 00:45:04,213] {manager.py:1106} INFO - Finding 'running' jobs without a recent heartbeat
[2022-10-04 00:45:04,214] {manager.py:1110} INFO - Failing jobs without heartbeat after 2022-10-04 00:40:04.214330+00:00
[2022-10-04 00:45:14,278] {manager.py:1106} INFO - Finding 'running' jobs without a recent heartbeat
[2022-10-04 00:45:14,280] {manager.py:1110} INFO - Failing jobs without heartbeat after 2022-10-04 00:40:14.280173+00:00
[2022-10-04 00:45:17,806] {manager.py:498} INFO - Exiting gracefully upon receiving signal 15
[2022-10-04 00:46:59,140] {manager.py:517} INFO - Processing files using up to 2 processes at a time 
[2022-10-04 00:46:59,141] {manager.py:518} INFO - Process each file at most once every 30 seconds
[2022-10-04 00:46:59,142] {manager.py:520} INFO - Checking for new files in /opt/airflow/dags every 300 seconds
[2022-10-04 00:46:59,143] {manager.py:704} INFO - Searching for files in /opt/airflow/dags
[2022-10-04 00:46:59,193] {manager.py:707} INFO - There are 1 files in /opt/airflow/dags
[2022-10-04 00:47:37,568] {manager.py:517} INFO - Processing files using up to 2 processes at a time 
[2022-10-04 00:47:37,569] {manager.py:518} INFO - Process each file at most once every 30 seconds
[2022-10-04 00:47:37,571] {manager.py:520} INFO - Checking for new files in /opt/airflow/dags every 300 seconds
[2022-10-04 00:47:37,571] {manager.py:704} INFO - Searching for files in /opt/airflow/dags
[2022-10-04 00:47:37,620] {manager.py:707} INFO - There are 1 files in /opt/airflow/dags
[2022-10-04 00:47:37,696] {manager.py:1106} INFO - Finding 'running' jobs without a recent heartbeat
[2022-10-04 00:47:37,697] {manager.py:1110} INFO - Failing jobs without heartbeat after 2022-10-04 00:42:37.697578+00:00
[2022-10-04 00:47:37,752] {manager.py:825} INFO - 
================================================================================
DAG File Processing Stats

File Path                      PID  Runtime      # DAGs    # Errors  Last Runtime    Last Run
---------------------------  -----  ---------  --------  ----------  --------------  ----------
/opt/airflow/dags/my_dag.py    153  0.07s             0           0
================================================================================
[2022-10-04 00:47:47,801] {manager.py:1106} INFO - Finding 'running' jobs without a recent heartbeat
[2022-10-04 00:47:47,803] {manager.py:1110} INFO - Failing jobs without heartbeat after 2022-10-04 00:42:47.802990+00:00
[2022-10-04 00:47:57,867] {manager.py:1106} INFO - Finding 'running' jobs without a recent heartbeat
[2022-10-04 00:47:57,868] {manager.py:1110} INFO - Failing jobs without heartbeat after 2022-10-04 00:42:57.868620+00:00
[2022-10-04 00:48:07,936] {manager.py:1106} INFO - Finding 'running' jobs without a recent heartbeat
[2022-10-04 00:48:07,937] {manager.py:1110} INFO - Failing jobs without heartbeat after 2022-10-04 00:43:07.937644+00:00
[2022-10-04 00:48:07,965] {manager.py:825} INFO - 
================================================================================
DAG File Processing Stats

File Path                      PID  Runtime      # DAGs    # Errors  Last Runtime    Last Run
---------------------------  -----  ---------  --------  ----------  --------------  -------------------
/opt/airflow/dags/my_dag.py    158  0.01s             0           1  0.16s           2022-10-04T00:47:37
================================================================================
[2022-10-04 00:48:18,048] {manager.py:1106} INFO - Finding 'running' jobs without a recent heartbeat
[2022-10-04 00:48:18,049] {manager.py:1110} INFO - Failing jobs without heartbeat after 2022-10-04 00:43:18.049660+00:00
[2022-10-04 00:48:28,114] {manager.py:1106} INFO - Finding 'running' jobs without a recent heartbeat
[2022-10-04 00:48:28,115] {manager.py:1110} INFO - Failing jobs without heartbeat after 2022-10-04 00:43:28.115837+00:00
[2022-10-04 00:48:38,192] {manager.py:1106} INFO - Finding 'running' jobs without a recent heartbeat
[2022-10-04 00:48:38,193] {manager.py:1110} INFO - Failing jobs without heartbeat after 2022-10-04 00:43:38.193118+00:00
[2022-10-04 00:48:38,220] {manager.py:825} INFO - 
================================================================================
DAG File Processing Stats

File Path                      PID  Runtime      # DAGs    # Errors  Last Runtime    Last Run
---------------------------  -----  ---------  --------  ----------  --------------  -------------------
/opt/airflow/dags/my_dag.py    163  0.01s             0           1  0.16s           2022-10-04T00:48:08
================================================================================
[2022-10-04 00:48:48,304] {manager.py:1106} INFO - Finding 'running' jobs without a recent heartbeat
[2022-10-04 00:48:48,305] {manager.py:1110} INFO - Failing jobs without heartbeat after 2022-10-04 00:43:48.305293+00:00
[2022-10-04 00:48:58,375] {manager.py:1106} INFO - Finding 'running' jobs without a recent heartbeat
[2022-10-04 00:48:58,376] {manager.py:1110} INFO - Failing jobs without heartbeat after 2022-10-04 00:43:58.376181+00:00
[2022-10-04 00:49:08,439] {manager.py:1106} INFO - Finding 'running' jobs without a recent heartbeat
[2022-10-04 00:49:08,440] {manager.py:1110} INFO - Failing jobs without heartbeat after 2022-10-04 00:44:08.440633+00:00
[2022-10-04 00:49:08,464] {manager.py:825} INFO - 
================================================================================
DAG File Processing Stats

File Path                      PID  Runtime      # DAGs    # Errors  Last Runtime    Last Run
---------------------------  -----  ---------  --------  ----------  --------------  -------------------
/opt/airflow/dags/my_dag.py    168  0.01s             0           1  0.17s           2022-10-04T00:48:38
================================================================================
[2022-10-04 00:49:18,551] {manager.py:1106} INFO - Finding 'running' jobs without a recent heartbeat
[2022-10-04 00:49:18,553] {manager.py:1110} INFO - Failing jobs without heartbeat after 2022-10-04 00:44:18.552933+00:00
[2022-10-04 00:49:28,624] {manager.py:1106} INFO - Finding 'running' jobs without a recent heartbeat
[2022-10-04 00:49:28,625] {manager.py:1110} INFO - Failing jobs without heartbeat after 2022-10-04 00:44:28.625666+00:00
[2022-10-04 00:49:38,701] {manager.py:1106} INFO - Finding 'running' jobs without a recent heartbeat
[2022-10-04 00:49:38,701] {manager.py:1110} INFO - Failing jobs without heartbeat after 2022-10-04 00:44:38.701930+00:00
[2022-10-04 00:49:38,724] {manager.py:825} INFO - 
================================================================================
DAG File Processing Stats

File Path                      PID  Runtime      # DAGs    # Errors  Last Runtime    Last Run
---------------------------  -----  ---------  --------  ----------  --------------  -------------------
/opt/airflow/dags/my_dag.py    173  9.07s             0           1  0.15s           2022-10-04T00:49:08
================================================================================
[2022-10-04 00:49:48,771] {manager.py:1106} INFO - Finding 'running' jobs without a recent heartbeat
[2022-10-04 00:49:48,772] {manager.py:1110} INFO - Failing jobs without heartbeat after 2022-10-04 00:44:48.772838+00:00
[2022-10-04 00:49:58,836] {manager.py:1106} INFO - Finding 'running' jobs without a recent heartbeat
[2022-10-04 00:49:58,837] {manager.py:1110} INFO - Failing jobs without heartbeat after 2022-10-04 00:44:58.837322+00:00
[2022-10-04 00:50:08,782] {manager.py:825} INFO - 
================================================================================
DAG File Processing Stats

File Path                    PID    Runtime      # DAGs    # Errors  Last Runtime    Last Run
---------------------------  -----  ---------  --------  ----------  --------------  -------------------
/opt/airflow/dags/my_dag.py                           1           0  15.00s          2022-10-04T00:49:44
================================================================================
[2022-10-04 00:50:08,914] {manager.py:1106} INFO - Finding 'running' jobs without a recent heartbeat
[2022-10-04 00:50:08,915] {manager.py:1110} INFO - Failing jobs without heartbeat after 2022-10-04 00:45:08.914951+00:00
[2022-10-04 00:50:19,057] {manager.py:1106} INFO - Finding 'running' jobs without a recent heartbeat
[2022-10-04 00:50:19,058] {manager.py:1110} INFO - Failing jobs without heartbeat after 2022-10-04 00:45:19.058386+00:00
[2022-10-04 00:50:29,122] {manager.py:1106} INFO - Finding 'running' jobs without a recent heartbeat
[2022-10-04 00:50:29,123] {manager.py:1110} INFO - Failing jobs without heartbeat after 2022-10-04 00:45:29.123229+00:00
[2022-10-04 00:50:39,191] {manager.py:1106} INFO - Finding 'running' jobs without a recent heartbeat
[2022-10-04 00:50:39,193] {manager.py:1110} INFO - Failing jobs without heartbeat after 2022-10-04 00:45:39.192987+00:00
[2022-10-04 00:50:39,215] {manager.py:825} INFO - 
================================================================================
DAG File Processing Stats

File Path                    PID    Runtime      # DAGs    # Errors  Last Runtime    Last Run
---------------------------  -----  ---------  --------  ----------  --------------  -------------------
/opt/airflow/dags/my_dag.py                           1           0  0.32s           2022-10-04T00:50:17
================================================================================
[2022-10-04 00:50:49,440] {manager.py:1106} INFO - Finding 'running' jobs without a recent heartbeat
[2022-10-04 00:50:49,442] {manager.py:1110} INFO - Failing jobs without heartbeat after 2022-10-04 00:45:49.442240+00:00
[2022-10-04 00:50:59,508] {manager.py:1106} INFO - Finding 'running' jobs without a recent heartbeat
[2022-10-04 00:50:59,509] {manager.py:1110} INFO - Failing jobs without heartbeat after 2022-10-04 00:45:59.509124+00:00
[2022-10-04 00:51:09,570] {manager.py:1106} INFO - Finding 'running' jobs without a recent heartbeat
[2022-10-04 00:51:09,571] {manager.py:1110} INFO - Failing jobs without heartbeat after 2022-10-04 00:46:09.571360+00:00
[2022-10-04 00:51:09,590] {manager.py:825} INFO - 
================================================================================
DAG File Processing Stats

File Path                    PID    Runtime      # DAGs    # Errors  Last Runtime    Last Run
---------------------------  -----  ---------  --------  ----------  --------------  -------------------
/opt/airflow/dags/my_dag.py                           1           0  0.24s           2022-10-04T00:50:47
================================================================================
[2022-10-04 00:51:19,808] {manager.py:1106} INFO - Finding 'running' jobs without a recent heartbeat
[2022-10-04 00:51:19,810] {manager.py:1110} INFO - Failing jobs without heartbeat after 2022-10-04 00:46:19.809883+00:00
[2022-10-04 00:51:29,880] {manager.py:1106} INFO - Finding 'running' jobs without a recent heartbeat
[2022-10-04 00:51:29,881] {manager.py:1110} INFO - Failing jobs without heartbeat after 2022-10-04 00:46:29.881028+00:00
[2022-10-04 00:51:39,954] {manager.py:1106} INFO - Finding 'running' jobs without a recent heartbeat
[2022-10-04 00:51:39,956] {manager.py:1110} INFO - Failing jobs without heartbeat after 2022-10-04 00:46:39.955990+00:00
[2022-10-04 00:51:39,973] {manager.py:825} INFO - 
================================================================================
DAG File Processing Stats

File Path                    PID    Runtime      # DAGs    # Errors  Last Runtime    Last Run
---------------------------  -----  ---------  --------  ----------  --------------  -------------------
/opt/airflow/dags/my_dag.py                           1           0  0.77s           2022-10-04T00:51:12
================================================================================
[2022-10-04 00:51:50,563] {manager.py:1106} INFO - Finding 'running' jobs without a recent heartbeat
[2022-10-04 00:51:50,564] {manager.py:1110} INFO - Failing jobs without heartbeat after 2022-10-04 00:46:50.564304+00:00
[2022-10-04 00:52:00,631] {manager.py:1106} INFO - Finding 'running' jobs without a recent heartbeat
[2022-10-04 00:52:00,632] {manager.py:1110} INFO - Failing jobs without heartbeat after 2022-10-04 00:47:00.632762+00:00
[2022-10-04 00:52:10,696] {manager.py:1106} INFO - Finding 'running' jobs without a recent heartbeat
[2022-10-04 00:52:10,697] {manager.py:1110} INFO - Failing jobs without heartbeat after 2022-10-04 00:47:10.697405+00:00
[2022-10-04 00:52:10,717] {manager.py:825} INFO - 
================================================================================
DAG File Processing Stats

File Path                    PID    Runtime      # DAGs    # Errors  Last Runtime    Last Run
---------------------------  -----  ---------  --------  ----------  --------------  -------------------
/opt/airflow/dags/my_dag.py                           1           0  0.24s           2022-10-04T00:51:42
================================================================================
[2022-10-04 00:52:20,977] {manager.py:1106} INFO - Finding 'running' jobs without a recent heartbeat
[2022-10-04 00:52:20,978] {manager.py:1110} INFO - Failing jobs without heartbeat after 2022-10-04 00:47:20.978420+00:00
[2022-10-04 00:52:31,057] {manager.py:1106} INFO - Finding 'running' jobs without a recent heartbeat
[2022-10-04 00:52:31,058] {manager.py:1110} INFO - Failing jobs without heartbeat after 2022-10-04 00:47:31.058534+00:00
[2022-10-04 00:52:38,109] {manager.py:704} INFO - Searching for files in /opt/airflow/dags
[2022-10-04 00:52:38,167] {manager.py:707} INFO - There are 1 files in /opt/airflow/dags
[2022-10-04 00:52:41,218] {manager.py:1106} INFO - Finding 'running' jobs without a recent heartbeat
[2022-10-04 00:52:41,220] {manager.py:1110} INFO - Failing jobs without heartbeat after 2022-10-04 00:47:41.220112+00:00
[2022-10-04 00:52:41,237] {manager.py:825} INFO - 
================================================================================
DAG File Processing Stats

File Path                    PID    Runtime      # DAGs    # Errors  Last Runtime    Last Run
---------------------------  -----  ---------  --------  ----------  --------------  -------------------
/opt/airflow/dags/my_dag.py                           1           0  0.19s           2022-10-04T00:52:13
================================================================================
[2022-10-04 00:52:51,323] {manager.py:1106} INFO - Finding 'running' jobs without a recent heartbeat
[2022-10-04 00:52:51,324] {manager.py:1110} INFO - Failing jobs without heartbeat after 2022-10-04 00:47:51.324205+00:00
[2022-10-04 00:53:01,387] {manager.py:1106} INFO - Finding 'running' jobs without a recent heartbeat
[2022-10-04 00:53:01,388] {manager.py:1110} INFO - Failing jobs without heartbeat after 2022-10-04 00:48:01.388305+00:00
[2022-10-04 00:53:11,450] {manager.py:1106} INFO - Finding 'running' jobs without a recent heartbeat
[2022-10-04 00:53:11,451] {manager.py:1110} INFO - Failing jobs without heartbeat after 2022-10-04 00:48:11.451245+00:00
[2022-10-04 00:53:11,468] {manager.py:825} INFO - 
================================================================================
DAG File Processing Stats

File Path                    PID    Runtime      # DAGs    # Errors  Last Runtime    Last Run
---------------------------  -----  ---------  --------  ----------  --------------  -------------------
/opt/airflow/dags/my_dag.py                           1           0  0.20s           2022-10-04T00:52:43
================================================================================
[2022-10-04 00:53:21,616] {manager.py:1106} INFO - Finding 'running' jobs without a recent heartbeat
[2022-10-04 00:53:21,617] {manager.py:1110} INFO - Failing jobs without heartbeat after 2022-10-04 00:48:21.617044+00:00
[2022-10-04 00:53:31,678] {manager.py:1106} INFO - Finding 'running' jobs without a recent heartbeat
[2022-10-04 00:53:31,679] {manager.py:1110} INFO - Failing jobs without heartbeat after 2022-10-04 00:48:31.679235+00:00
[2022-10-04 00:53:41,743] {manager.py:1106} INFO - Finding 'running' jobs without a recent heartbeat
[2022-10-04 00:53:41,744] {manager.py:1110} INFO - Failing jobs without heartbeat after 2022-10-04 00:48:41.744835+00:00
[2022-10-04 00:53:41,762] {manager.py:825} INFO - 
================================================================================
DAG File Processing Stats

File Path                    PID    Runtime      # DAGs    # Errors  Last Runtime    Last Run
---------------------------  -----  ---------  --------  ----------  --------------  -------------------
/opt/airflow/dags/my_dag.py                           1           0  0.20s           2022-10-04T00:53:13
================================================================================
[2022-10-04 00:53:51,841] {manager.py:1106} INFO - Finding 'running' jobs without a recent heartbeat
[2022-10-04 00:53:51,842] {manager.py:1110} INFO - Failing jobs without heartbeat after 2022-10-04 00:48:51.842147+00:00
[2022-10-04 00:54:01,908] {manager.py:1106} INFO - Finding 'running' jobs without a recent heartbeat
[2022-10-04 00:54:01,909] {manager.py:1110} INFO - Failing jobs without heartbeat after 2022-10-04 00:49:01.909153+00:00
[2022-10-04 00:54:11,969] {manager.py:1106} INFO - Finding 'running' jobs without a recent heartbeat
[2022-10-04 00:54:11,970] {manager.py:1110} INFO - Failing jobs without heartbeat after 2022-10-04 00:49:11.970741+00:00
[2022-10-04 00:54:11,987] {manager.py:825} INFO - 
================================================================================
DAG File Processing Stats

File Path                    PID    Runtime      # DAGs    # Errors  Last Runtime    Last Run
---------------------------  -----  ---------  --------  ----------  --------------  -------------------
/opt/airflow/dags/my_dag.py                           1           0  0.21s           2022-10-04T00:53:43
================================================================================
[2022-10-04 00:54:22,280] {manager.py:1106} INFO - Finding 'running' jobs without a recent heartbeat
[2022-10-04 00:54:22,282] {manager.py:1110} INFO - Failing jobs without heartbeat after 2022-10-04 00:49:22.281976+00:00
[2022-10-04 00:54:32,810] {manager.py:1106} INFO - Finding 'running' jobs without a recent heartbeat
[2022-10-04 00:54:32,811] {manager.py:1110} INFO - Failing jobs without heartbeat after 2022-10-04 00:49:32.811597+00:00
[2022-10-04 00:54:42,093] {manager.py:825} INFO - 
================================================================================
DAG File Processing Stats

File Path                    PID    Runtime      # DAGs    # Errors  Last Runtime    Last Run
---------------------------  -----  ---------  --------  ----------  --------------  -------------------
/opt/airflow/dags/my_dag.py                           0           1  0.22s           2022-10-04T00:54:37
================================================================================
[2022-10-04 00:54:42,881] {manager.py:1106} INFO - Finding 'running' jobs without a recent heartbeat
[2022-10-04 00:54:42,882] {manager.py:1110} INFO - Failing jobs without heartbeat after 2022-10-04 00:49:42.882722+00:00
[2022-10-04 00:54:53,147] {manager.py:1106} INFO - Finding 'running' jobs without a recent heartbeat
[2022-10-04 00:54:53,148] {manager.py:1110} INFO - Failing jobs without heartbeat after 2022-10-04 00:49:53.148590+00:00
[2022-10-04 00:55:03,219] {manager.py:1106} INFO - Finding 'running' jobs without a recent heartbeat
[2022-10-04 00:55:03,220] {manager.py:1110} INFO - Failing jobs without heartbeat after 2022-10-04 00:50:03.220586+00:00
[2022-10-04 00:55:12,280] {manager.py:825} INFO - 
================================================================================
DAG File Processing Stats

File Path                    PID    Runtime      # DAGs    # Errors  Last Runtime    Last Run
---------------------------  -----  ---------  --------  ----------  --------------  -------------------
/opt/airflow/dags/my_dag.py                           1           0  0.25s           2022-10-04T00:54:45
================================================================================
[2022-10-04 00:55:13,284] {manager.py:1106} INFO - Finding 'running' jobs without a recent heartbeat
[2022-10-04 00:55:13,285] {manager.py:1110} INFO - Failing jobs without heartbeat after 2022-10-04 00:50:13.285347+00:00
[2022-10-04 00:55:23,366] {manager.py:1106} INFO - Finding 'running' jobs without a recent heartbeat
[2022-10-04 00:55:23,367] {manager.py:1110} INFO - Failing jobs without heartbeat after 2022-10-04 00:50:23.367915+00:00
[2022-10-04 00:55:33,707] {manager.py:1106} INFO - Finding 'running' jobs without a recent heartbeat
[2022-10-04 00:55:33,708] {manager.py:1110} INFO - Failing jobs without heartbeat after 2022-10-04 00:50:33.708406+00:00
[2022-10-04 00:55:42,863] {manager.py:825} INFO - 
================================================================================
DAG File Processing Stats

File Path                    PID    Runtime      # DAGs    # Errors  Last Runtime    Last Run
---------------------------  -----  ---------  --------  ----------  --------------  -------------------
/opt/airflow/dags/my_dag.py                           1           0  0.36s           2022-10-04T00:55:42
================================================================================
[2022-10-04 00:55:43,866] {manager.py:1106} INFO - Finding 'running' jobs without a recent heartbeat
[2022-10-04 00:55:43,866] {manager.py:1110} INFO - Failing jobs without heartbeat after 2022-10-04 00:50:43.866899+00:00
[2022-10-04 00:55:53,928] {manager.py:1106} INFO - Finding 'running' jobs without a recent heartbeat
[2022-10-04 00:55:53,929] {manager.py:1110} INFO - Failing jobs without heartbeat after 2022-10-04 00:50:53.929610+00:00
[2022-10-04 00:56:04,236] {manager.py:1106} INFO - Finding 'running' jobs without a recent heartbeat
[2022-10-04 00:56:04,237] {manager.py:1110} INFO - Failing jobs without heartbeat after 2022-10-04 00:51:04.237384+00:00
[2022-10-04 00:56:13,305] {manager.py:825} INFO - 
================================================================================
DAG File Processing Stats

File Path                    PID    Runtime      # DAGs    # Errors  Last Runtime    Last Run
---------------------------  -----  ---------  --------  ----------  --------------  -------------------
/opt/airflow/dags/my_dag.py                           1           0  0.27s           2022-10-04T00:55:58
================================================================================
[2022-10-04 00:56:14,308] {manager.py:1106} INFO - Finding 'running' jobs without a recent heartbeat
[2022-10-04 00:56:14,309] {manager.py:1110} INFO - Failing jobs without heartbeat after 2022-10-04 00:51:14.309544+00:00
[2022-10-04 00:56:24,374] {manager.py:1106} INFO - Finding 'running' jobs without a recent heartbeat
[2022-10-04 00:56:24,375] {manager.py:1110} INFO - Failing jobs without heartbeat after 2022-10-04 00:51:24.375090+00:00
[2022-10-04 00:56:34,448] {manager.py:1106} INFO - Finding 'running' jobs without a recent heartbeat
[2022-10-04 00:56:34,449] {manager.py:1110} INFO - Failing jobs without heartbeat after 2022-10-04 00:51:34.449507+00:00
[2022-10-04 00:56:43,518] {manager.py:825} INFO - 
================================================================================
DAG File Processing Stats

File Path                    PID    Runtime      # DAGs    # Errors  Last Runtime    Last Run
---------------------------  -----  ---------  --------  ----------  --------------  -------------------
/opt/airflow/dags/my_dag.py                           1           0  0.21s           2022-10-04T00:56:28
================================================================================
[2022-10-04 00:56:44,522] {manager.py:1106} INFO - Finding 'running' jobs without a recent heartbeat
[2022-10-04 00:56:44,523] {manager.py:1110} INFO - Failing jobs without heartbeat after 2022-10-04 00:51:44.523343+00:00
[2022-10-04 00:56:54,586] {manager.py:1106} INFO - Finding 'running' jobs without a recent heartbeat
[2022-10-04 00:56:54,587] {manager.py:1110} INFO - Failing jobs without heartbeat after 2022-10-04 00:51:54.587196+00:00
[2022-10-04 00:57:04,777] {manager.py:1106} INFO - Finding 'running' jobs without a recent heartbeat
[2022-10-04 00:57:04,778] {manager.py:1110} INFO - Failing jobs without heartbeat after 2022-10-04 00:52:04.778223+00:00
[2022-10-04 00:57:13,852] {manager.py:825} INFO - 
================================================================================
DAG File Processing Stats

File Path                    PID    Runtime      # DAGs    # Errors  Last Runtime    Last Run
---------------------------  -----  ---------  --------  ----------  --------------  -------------------
/opt/airflow/dags/my_dag.py                           1           0  0.22s           2022-10-04T00:56:58
================================================================================
[2022-10-04 00:57:14,855] {manager.py:1106} INFO - Finding 'running' jobs without a recent heartbeat
[2022-10-04 00:57:14,856] {manager.py:1110} INFO - Failing jobs without heartbeat after 2022-10-04 00:52:14.856661+00:00
[2022-10-04 00:57:24,960] {manager.py:1106} INFO - Finding 'running' jobs without a recent heartbeat
[2022-10-04 00:57:24,962] {manager.py:1110} INFO - Failing jobs without heartbeat after 2022-10-04 00:52:24.961944+00:00
[2022-10-04 00:57:35,165] {manager.py:1106} INFO - Finding 'running' jobs without a recent heartbeat
[2022-10-04 00:57:35,166] {manager.py:1110} INFO - Failing jobs without heartbeat after 2022-10-04 00:52:35.166295+00:00
[2022-10-04 00:57:38,197] {manager.py:704} INFO - Searching for files in /opt/airflow/dags
[2022-10-04 00:57:38,246] {manager.py:707} INFO - There are 1 files in /opt/airflow/dags
[2022-10-04 00:57:44,313] {manager.py:825} INFO - 
================================================================================
DAG File Processing Stats

File Path                    PID    Runtime      # DAGs    # Errors  Last Runtime    Last Run
---------------------------  -----  ---------  --------  ----------  --------------  -------------------
/opt/airflow/dags/my_dag.py                           1           0  0.23s           2022-10-04T00:57:29
================================================================================
[2022-10-04 00:57:45,317] {manager.py:1106} INFO - Finding 'running' jobs without a recent heartbeat
[2022-10-04 00:57:45,318] {manager.py:1110} INFO - Failing jobs without heartbeat after 2022-10-04 00:52:45.318669+00:00
[2022-10-04 00:57:55,386] {manager.py:1106} INFO - Finding 'running' jobs without a recent heartbeat
[2022-10-04 00:57:55,388] {manager.py:1110} INFO - Failing jobs without heartbeat after 2022-10-04 00:52:55.388103+00:00
[2022-10-04 00:58:05,484] {manager.py:1106} INFO - Finding 'running' jobs without a recent heartbeat
[2022-10-04 00:58:05,485] {manager.py:1110} INFO - Failing jobs without heartbeat after 2022-10-04 00:53:05.485339+00:00
[2022-10-04 00:58:14,546] {manager.py:825} INFO - 
================================================================================
DAG File Processing Stats

File Path                    PID    Runtime      # DAGs    # Errors  Last Runtime    Last Run
---------------------------  -----  ---------  --------  ----------  --------------  -------------------
/opt/airflow/dags/my_dag.py                           1           0  0.23s           2022-10-04T00:57:59
================================================================================
[2022-10-04 00:58:15,550] {manager.py:1106} INFO - Finding 'running' jobs without a recent heartbeat
[2022-10-04 00:58:15,551] {manager.py:1110} INFO - Failing jobs without heartbeat after 2022-10-04 00:53:15.551165+00:00
[2022-10-04 00:58:25,617] {manager.py:1106} INFO - Finding 'running' jobs without a recent heartbeat
[2022-10-04 00:58:25,619] {manager.py:1110} INFO - Failing jobs without heartbeat after 2022-10-04 00:53:25.619096+00:00
[2022-10-04 00:58:35,833] {manager.py:1106} INFO - Finding 'running' jobs without a recent heartbeat
[2022-10-04 00:58:35,834] {manager.py:1110} INFO - Failing jobs without heartbeat after 2022-10-04 00:53:35.834104+00:00
[2022-10-04 00:58:44,916] {manager.py:825} INFO - 
================================================================================
DAG File Processing Stats

File Path                    PID    Runtime      # DAGs    # Errors  Last Runtime    Last Run
---------------------------  -----  ---------  --------  ----------  --------------  -------------------
/opt/airflow/dags/my_dag.py                           1           0  0.24s           2022-10-04T00:58:30
================================================================================
[2022-10-04 00:58:45,934] {manager.py:1106} INFO - Finding 'running' jobs without a recent heartbeat
[2022-10-04 00:58:45,936] {manager.py:1110} INFO - Failing jobs without heartbeat after 2022-10-04 00:53:45.936351+00:00
[2022-10-04 00:58:56,000] {manager.py:1106} INFO - Finding 'running' jobs without a recent heartbeat
[2022-10-04 00:58:56,002] {manager.py:1110} INFO - Failing jobs without heartbeat after 2022-10-04 00:53:56.002226+00:00
[2022-10-04 00:59:06,258] {manager.py:1106} INFO - Finding 'running' jobs without a recent heartbeat
[2022-10-04 00:59:06,259] {manager.py:1110} INFO - Failing jobs without heartbeat after 2022-10-04 00:54:06.259370+00:00
[2022-10-04 00:59:15,319] {manager.py:825} INFO - 
================================================================================
DAG File Processing Stats

File Path                    PID    Runtime      # DAGs    # Errors  Last Runtime    Last Run
---------------------------  -----  ---------  --------  ----------  --------------  -------------------
/opt/airflow/dags/my_dag.py                           1           0  0.23s           2022-10-04T00:59:00
================================================================================
[2022-10-04 00:59:16,322] {manager.py:1106} INFO - Finding 'running' jobs without a recent heartbeat
[2022-10-04 00:59:16,323] {manager.py:1110} INFO - Failing jobs without heartbeat after 2022-10-04 00:54:16.323068+00:00
[2022-10-04 00:59:26,382] {manager.py:1106} INFO - Finding 'running' jobs without a recent heartbeat
[2022-10-04 00:59:26,383] {manager.py:1110} INFO - Failing jobs without heartbeat after 2022-10-04 00:54:26.383485+00:00
[2022-10-04 00:59:36,615] {manager.py:1106} INFO - Finding 'running' jobs without a recent heartbeat
[2022-10-04 00:59:36,616] {manager.py:1110} INFO - Failing jobs without heartbeat after 2022-10-04 00:54:36.616505+00:00
[2022-10-04 00:59:45,681] {manager.py:825} INFO - 
================================================================================
DAG File Processing Stats

File Path                    PID    Runtime      # DAGs    # Errors  Last Runtime    Last Run
---------------------------  -----  ---------  --------  ----------  --------------  -------------------
/opt/airflow/dags/my_dag.py                           1           0  0.22s           2022-10-04T00:59:30
================================================================================
[2022-10-04 00:59:46,683] {manager.py:1106} INFO - Finding 'running' jobs without a recent heartbeat
[2022-10-04 00:59:46,684] {manager.py:1110} INFO - Failing jobs without heartbeat after 2022-10-04 00:54:46.684636+00:00
[2022-10-04 00:59:56,747] {manager.py:1106} INFO - Finding 'running' jobs without a recent heartbeat
[2022-10-04 00:59:56,748] {manager.py:1110} INFO - Failing jobs without heartbeat after 2022-10-04 00:54:56.748390+00:00
[2022-10-04 01:00:06,964] {manager.py:1106} INFO - Finding 'running' jobs without a recent heartbeat
[2022-10-04 01:00:06,965] {manager.py:1110} INFO - Failing jobs without heartbeat after 2022-10-04 00:55:06.965500+00:00
[2022-10-04 01:00:16,029] {manager.py:825} INFO - 
================================================================================
DAG File Processing Stats

File Path                    PID    Runtime      # DAGs    # Errors  Last Runtime    Last Run
---------------------------  -----  ---------  --------  ----------  --------------  -------------------
/opt/airflow/dags/my_dag.py                           1           0  0.23s           2022-10-04T01:00:01
================================================================================
[2022-10-04 01:00:17,033] {manager.py:1106} INFO - Finding 'running' jobs without a recent heartbeat
[2022-10-04 01:00:17,034] {manager.py:1110} INFO - Failing jobs without heartbeat after 2022-10-04 00:55:17.034309+00:00
[2022-10-04 01:00:27,107] {manager.py:1106} INFO - Finding 'running' jobs without a recent heartbeat
[2022-10-04 01:00:27,108] {manager.py:1110} INFO - Failing jobs without heartbeat after 2022-10-04 00:55:27.108041+00:00
[2022-10-04 01:00:37,329] {manager.py:1106} INFO - Finding 'running' jobs without a recent heartbeat
[2022-10-04 01:00:37,330] {manager.py:1110} INFO - Failing jobs without heartbeat after 2022-10-04 00:55:37.330079+00:00
[2022-10-04 01:00:50,321] {manager.py:1106} INFO - Finding 'running' jobs without a recent heartbeat
[2022-10-04 01:00:50,372] {manager.py:1110} INFO - Failing jobs without heartbeat after 2022-10-04 00:55:50.372503+00:00
[2022-10-04 01:00:50,443] {manager.py:825} INFO - 
================================================================================
DAG File Processing Stats

File Path                    PID    Runtime      # DAGs    # Errors  Last Runtime    Last Run
---------------------------  -----  ---------  --------  ----------  --------------  -------------------
/opt/airflow/dags/my_dag.py                           1           0  0.21s           2022-10-04T01:00:31
================================================================================
[2022-10-04 08:30:18,782] {manager.py:517} INFO - Processing files using up to 2 processes at a time 
[2022-10-04 08:30:18,783] {manager.py:518} INFO - Process each file at most once every 30 seconds
[2022-10-04 08:30:18,783] {manager.py:520} INFO - Checking for new files in /opt/airflow/dags every 300 seconds
[2022-10-04 08:30:18,784] {manager.py:704} INFO - Searching for files in /opt/airflow/dags
[2022-10-04 08:30:18,812] {manager.py:707} INFO - There are 1 files in /opt/airflow/dags
[2022-10-04 08:30:18,852] {manager.py:1106} INFO - Finding 'running' jobs without a recent heartbeat
[2022-10-04 08:30:18,853] {manager.py:1110} INFO - Failing jobs without heartbeat after 2022-10-04 08:25:18.853112+00:00
[2022-10-04 08:30:18,877] {manager.py:825} INFO - 
================================================================================
DAG File Processing Stats

File Path                      PID  Runtime      # DAGs    # Errors  Last Runtime    Last Run
---------------------------  -----  ---------  --------  ----------  --------------  ----------
/opt/airflow/dags/my_dag.py    153  0.03s             0           0
================================================================================
[2022-10-04 08:30:28,913] {manager.py:1106} INFO - Finding 'running' jobs without a recent heartbeat
[2022-10-04 08:30:28,913] {manager.py:1110} INFO - Failing jobs without heartbeat after 2022-10-04 08:25:28.913817+00:00
[2022-10-04 08:30:38,957] {manager.py:1106} INFO - Finding 'running' jobs without a recent heartbeat
[2022-10-04 08:30:38,958] {manager.py:1110} INFO - Failing jobs without heartbeat after 2022-10-04 08:25:38.958537+00:00
[2022-10-04 08:30:49,004] {manager.py:1106} INFO - Finding 'running' jobs without a recent heartbeat
[2022-10-04 08:30:49,005] {manager.py:1110} INFO - Failing jobs without heartbeat after 2022-10-04 08:25:49.005026+00:00
[2022-10-04 08:30:49,017] {manager.py:825} INFO - 
================================================================================
DAG File Processing Stats

File Path                    PID    Runtime      # DAGs    # Errors  Last Runtime    Last Run
---------------------------  -----  ---------  --------  ----------  --------------  -------------------
/opt/airflow/dags/my_dag.py                           1           0  0.25s           2022-10-04T08:30:19
================================================================================
[2022-10-04 08:30:59,220] {manager.py:1106} INFO - Finding 'running' jobs without a recent heartbeat
[2022-10-04 08:30:59,221] {manager.py:1110} INFO - Failing jobs without heartbeat after 2022-10-04 08:25:59.221187+00:00
[2022-10-04 08:31:09,266] {manager.py:1106} INFO - Finding 'running' jobs without a recent heartbeat
[2022-10-04 08:31:09,267] {manager.py:1110} INFO - Failing jobs without heartbeat after 2022-10-04 08:26:09.267520+00:00
[2022-10-04 08:31:19,317] {manager.py:1106} INFO - Finding 'running' jobs without a recent heartbeat
[2022-10-04 08:31:19,318] {manager.py:1110} INFO - Failing jobs without heartbeat after 2022-10-04 08:26:19.318386+00:00
[2022-10-04 08:31:19,327] {manager.py:825} INFO - 
================================================================================
DAG File Processing Stats

File Path                    PID    Runtime      # DAGs    # Errors  Last Runtime    Last Run
---------------------------  -----  ---------  --------  ----------  --------------  -------------------
/opt/airflow/dags/my_dag.py                           1           0  0.21s           2022-10-04T08:30:49
================================================================================
[2022-10-04 08:31:29,526] {manager.py:1106} INFO - Finding 'running' jobs without a recent heartbeat
[2022-10-04 08:31:29,527] {manager.py:1110} INFO - Failing jobs without heartbeat after 2022-10-04 08:26:29.527103+00:00
[2022-10-04 08:31:39,569] {manager.py:1106} INFO - Finding 'running' jobs without a recent heartbeat
[2022-10-04 08:31:39,570] {manager.py:1110} INFO - Failing jobs without heartbeat after 2022-10-04 08:26:39.570032+00:00
[2022-10-04 08:31:49,615] {manager.py:1106} INFO - Finding 'running' jobs without a recent heartbeat
[2022-10-04 08:31:49,616] {manager.py:1110} INFO - Failing jobs without heartbeat after 2022-10-04 08:26:49.616092+00:00
[2022-10-04 08:31:49,627] {manager.py:825} INFO - 
================================================================================
DAG File Processing Stats

File Path                    PID    Runtime      # DAGs    # Errors  Last Runtime    Last Run
---------------------------  -----  ---------  --------  ----------  --------------  -------------------
/opt/airflow/dags/my_dag.py                           1           0  0.18s           2022-10-04T08:31:19
================================================================================
[2022-10-04 08:31:59,793] {manager.py:1106} INFO - Finding 'running' jobs without a recent heartbeat
[2022-10-04 08:31:59,794] {manager.py:1110} INFO - Failing jobs without heartbeat after 2022-10-04 08:26:59.794096+00:00
[2022-10-04 08:32:09,840] {manager.py:1106} INFO - Finding 'running' jobs without a recent heartbeat
[2022-10-04 08:32:09,841] {manager.py:1110} INFO - Failing jobs without heartbeat after 2022-10-04 08:27:09.841143+00:00
[2022-10-04 08:32:19,964] {manager.py:1106} INFO - Finding 'running' jobs without a recent heartbeat
[2022-10-04 08:32:19,965] {manager.py:1110} INFO - Failing jobs without heartbeat after 2022-10-04 08:27:19.965460+00:00
[2022-10-04 08:32:19,980] {manager.py:825} INFO - 
================================================================================
DAG File Processing Stats

File Path                      PID  Runtime      # DAGs    # Errors  Last Runtime    Last Run
---------------------------  -----  ---------  --------  ----------  --------------  -------------------
/opt/airflow/dags/my_dag.py    177  0.00s             1           0  0.21s           2022-10-04T08:31:49
================================================================================
[2022-10-04 08:32:30,103] {manager.py:1106} INFO - Finding 'running' jobs without a recent heartbeat
[2022-10-04 08:32:30,104] {manager.py:1110} INFO - Failing jobs without heartbeat after 2022-10-04 08:27:30.104269+00:00
[2022-10-04 08:32:40,150] {manager.py:1106} INFO - Finding 'running' jobs without a recent heartbeat
[2022-10-04 08:32:40,150] {manager.py:1110} INFO - Failing jobs without heartbeat after 2022-10-04 08:27:40.150832+00:00
[2022-10-04 08:32:50,199] {manager.py:1106} INFO - Finding 'running' jobs without a recent heartbeat
[2022-10-04 08:32:50,200] {manager.py:1110} INFO - Failing jobs without heartbeat after 2022-10-04 08:27:50.200186+00:00
[2022-10-04 08:32:50,215] {manager.py:825} INFO - 
================================================================================
DAG File Processing Stats

File Path                      PID  Runtime      # DAGs    # Errors  Last Runtime    Last Run
---------------------------  -----  ---------  --------  ----------  --------------  -------------------
/opt/airflow/dags/my_dag.py    182  0.00s             1           0  0.12s           2022-10-04T08:32:20
================================================================================
[2022-10-04 08:33:00,255] {manager.py:1106} INFO - Finding 'running' jobs without a recent heartbeat
[2022-10-04 08:33:00,256] {manager.py:1110} INFO - Failing jobs without heartbeat after 2022-10-04 08:28:00.256422+00:00
